<?xml version="1.0" encoding="UTF-8"?>
<testng-results total="1" passed="1" failed="0" skipped="0">
  <reporter-output>
  </reporter-output>
  <suite started-at="2022-07-27T06:48:38Z" name="Default suite" finished-at="2022-07-27T06:48:38Z" duration-ms="35">
    <groups>
    </groups>
    <test started-at="2022-07-27T06:48:38Z" name="Default test" finished-at="2022-07-27T06:48:38Z" duration-ms="35">
      <class name="PracticeTest.Prcticeztest">
        <test-method signature="display()[pri:0, instance:PracticeTest.Prcticeztest@4f3bbf68]" started-at="2022-07-27T12:18:38Z" name="display" finished-at="2022-07-27T12:18:38Z" duration-ms="15" status="PASS">
          <reporter-output>
          </reporter-output>
        </test-method> <!-- display -->
      </class> <!-- PracticeTest.Prcticeztest -->
    </test> <!-- Default test -->
  </suite> <!-- Default suite -->
</testng-results>
